2024-07-02 13:23:44,841 INFO: Seletor startup [in C:\Users\willi\OneDrive\Documentos\FaculdadePasta\5 Semestre\Distribuidos\Projeto_Semestral\Definitivo\projeto\seletor\seletor.py:33]
2024-07-02 13:29:27,967 INFO: Seletor startup [in C:\Users\willi\OneDrive\Documentos\FaculdadePasta\5 Semestre\Distribuidos\Projeto_Semestral\Definitivo\projeto\seletor\seletor.py:33]
2024-07-02 13:29:38,245 INFO: Seletor startup [in C:\Users\willi\OneDrive\Documentos\FaculdadePasta\5 Semestre\Distribuidos\Projeto_Semestral\Definitivo\projeto\seletor\seletor.py:33]
2024-07-02 13:29:46,232 INFO: Seletor startup [in C:\Users\willi\OneDrive\Documentos\FaculdadePasta\5 Semestre\Distribuidos\Projeto_Semestral\Definitivo\projeto\seletor\seletor.py:33]
2024-07-02 13:54:46,907 INFO: Seletor startup [in C:\Users\willi\OneDrive\Documentos\FaculdadePasta\5 Semestre\Distribuidos\Projeto_Semestral\Definitivo\projeto\seletor\seletor.py:33]
2024-07-02 13:56:23,891 INFO: Seletor startup [in C:\Users\willi\OneDrive\Documentos\FaculdadePasta\5 Semestre\Distribuidos\Projeto_Semestral\Definitivo\projeto\seletor\seletor.py:33]
2024-07-02 13:56:24,679 INFO: Seletor startup [in C:\Users\willi\OneDrive\Documentos\FaculdadePasta\5 Semestre\Distribuidos\Projeto_Semestral\Definitivo\projeto\seletor\seletor.py:33]
2024-07-02 14:03:23,288 INFO: Recebendo transação: {'id': 11, 'remetente': 2, 'recebedor': 1, 'valor': 500, 'horario': '2024-07-02T14:03:20.576972', 'status': 0} [in C:\Users\willi\OneDrive\Documentos\FaculdadePasta\5 Semestre\Distribuidos\Projeto_Semestral\Definitivo\projeto\seletor\seletor.py:108]
2024-07-02 14:03:23,311 INFO: Validadores selecionados: ['validador4', 'validador3', 'validador2'] [in C:\Users\willi\OneDrive\Documentos\FaculdadePasta\5 Semestre\Distribuidos\Projeto_Semestral\Definitivo\projeto\seletor\seletor.py:148]
2024-07-02 14:03:25,343 ERROR: Erro ao processar transação: HTTPConnectionPool(host='127.0.0.4', port=5001): Max retries exceeded with url: /validar_transacao (Caused by NewConnectionError('<urllib3.connection.HTTPConnection object at 0x00000127F57551D0>: Failed to establish a new connection: [WinError 10061] Nenhuma conexão pôde ser feita porque a máquina de destino as recusou ativamente')) [in C:\Users\willi\OneDrive\Documentos\FaculdadePasta\5 Semestre\Distribuidos\Projeto_Semestral\Definitivo\projeto\seletor\seletor.py:119]
2024-07-02 14:05:57,967 INFO: Seletor startup [in C:\Users\willi\OneDrive\Documentos\FaculdadePasta\5 Semestre\Distribuidos\Projeto_Semestral\Definitivo\projeto\seletor\seletor.py:33]
2024-07-02 14:06:09,279 INFO: Recebendo transação: {'id': 12, 'remetente': 1, 'recebedor': 2, 'valor': 500, 'horario': '2024-07-02T14:06:06.556108', 'status': 0} [in C:\Users\willi\OneDrive\Documentos\FaculdadePasta\5 Semestre\Distribuidos\Projeto_Semestral\Definitivo\projeto\seletor\seletor.py:108]
2024-07-02 14:06:09,299 INFO: Validadores selecionados: ['validador4', 'validador3', 'validador4'] [in C:\Users\willi\OneDrive\Documentos\FaculdadePasta\5 Semestre\Distribuidos\Projeto_Semestral\Definitivo\projeto\seletor\seletor.py:149]
2024-07-02 14:06:11,339 ERROR: Erro ao processar consenso: HTTPConnectionPool(host='127.0.0.4', port=5001): Max retries exceeded with url: /validar_transacao (Caused by NewConnectionError('<urllib3.connection.HTTPConnection object at 0x0000023747064950>: Failed to establish a new connection: [WinError 10061] Nenhuma conexão pôde ser feita porque a máquina de destino as recusou ativamente')) [in C:\Users\willi\OneDrive\Documentos\FaculdadePasta\5 Semestre\Distribuidos\Projeto_Semestral\Definitivo\projeto\seletor\seletor.py:178]
2024-07-02 14:06:11,340 ERROR: Erro ao processar transação: HTTPConnectionPool(host='127.0.0.4', port=5001): Max retries exceeded with url: /validar_transacao (Caused by NewConnectionError('<urllib3.connection.HTTPConnection object at 0x0000023747064950>: Failed to establish a new connection: [WinError 10061] Nenhuma conexão pôde ser feita porque a máquina de destino as recusou ativamente')) [in C:\Users\willi\OneDrive\Documentos\FaculdadePasta\5 Semestre\Distribuidos\Projeto_Semestral\Definitivo\projeto\seletor\seletor.py:119]
2024-07-02 14:09:38,365 INFO: Recebendo transação: {'id': 13, 'remetente': 2, 'recebedor': 1, 'valor': 500, 'horario': '2024-07-02T14:09:35.643581', 'status': 0} [in C:\Users\willi\OneDrive\Documentos\FaculdadePasta\5 Semestre\Distribuidos\Projeto_Semestral\Definitivo\projeto\seletor\seletor.py:108]
2024-07-02 14:09:38,382 INFO: Validadores selecionados: ['validador4', 'validador2', 'validador2'] [in C:\Users\willi\OneDrive\Documentos\FaculdadePasta\5 Semestre\Distribuidos\Projeto_Semestral\Definitivo\projeto\seletor\seletor.py:149]
2024-07-02 14:09:40,411 ERROR: Erro ao processar consenso: HTTPConnectionPool(host='127.0.0.4', port=5001): Max retries exceeded with url: /validar_transacao (Caused by NewConnectionError('<urllib3.connection.HTTPConnection object at 0x00000237470763D0>: Failed to establish a new connection: [WinError 10061] Nenhuma conexão pôde ser feita porque a máquina de destino as recusou ativamente')) [in C:\Users\willi\OneDrive\Documentos\FaculdadePasta\5 Semestre\Distribuidos\Projeto_Semestral\Definitivo\projeto\seletor\seletor.py:178]
2024-07-02 14:09:40,412 ERROR: Erro ao processar transação: HTTPConnectionPool(host='127.0.0.4', port=5001): Max retries exceeded with url: /validar_transacao (Caused by NewConnectionError('<urllib3.connection.HTTPConnection object at 0x00000237470763D0>: Failed to establish a new connection: [WinError 10061] Nenhuma conexão pôde ser feita porque a máquina de destino as recusou ativamente')) [in C:\Users\willi\OneDrive\Documentos\FaculdadePasta\5 Semestre\Distribuidos\Projeto_Semestral\Definitivo\projeto\seletor\seletor.py:119]
2024-07-02 14:10:15,930 INFO: Recebendo transação: {'id': 14, 'remetente': 1, 'recebedor': 2, 'valor': 500, 'horario': '2024-07-02T14:10:13.221442', 'status': 0} [in C:\Users\willi\OneDrive\Documentos\FaculdadePasta\5 Semestre\Distribuidos\Projeto_Semestral\Definitivo\projeto\seletor\seletor.py:108]
2024-07-02 14:10:15,944 INFO: Validadores selecionados: ['validador2', 'validador3', 'validador4'] [in C:\Users\willi\OneDrive\Documentos\FaculdadePasta\5 Semestre\Distribuidos\Projeto_Semestral\Definitivo\projeto\seletor\seletor.py:149]
2024-07-02 14:10:17,972 ERROR: Erro ao processar consenso: HTTPConnectionPool(host='127.0.0.2', port=5001): Max retries exceeded with url: /validar_transacao (Caused by NewConnectionError('<urllib3.connection.HTTPConnection object at 0x0000023746F2F310>: Failed to establish a new connection: [WinError 10061] Nenhuma conexão pôde ser feita porque a máquina de destino as recusou ativamente')) [in C:\Users\willi\OneDrive\Documentos\FaculdadePasta\5 Semestre\Distribuidos\Projeto_Semestral\Definitivo\projeto\seletor\seletor.py:178]
2024-07-02 14:10:17,973 ERROR: Erro ao processar transação: HTTPConnectionPool(host='127.0.0.2', port=5001): Max retries exceeded with url: /validar_transacao (Caused by NewConnectionError('<urllib3.connection.HTTPConnection object at 0x0000023746F2F310>: Failed to establish a new connection: [WinError 10061] Nenhuma conexão pôde ser feita porque a máquina de destino as recusou ativamente')) [in C:\Users\willi\OneDrive\Documentos\FaculdadePasta\5 Semestre\Distribuidos\Projeto_Semestral\Definitivo\projeto\seletor\seletor.py:119]
2024-07-02 14:14:10,876 INFO: Seletor startup [in C:\Users\willi\OneDrive\Documentos\FaculdadePasta\5 Semestre\Distribuidos\Projeto_Semestral\Definitivo\projeto\seletor\seletor.py:33]
2024-07-02 14:14:11,772 INFO: Seletor startup [in C:\Users\willi\OneDrive\Documentos\FaculdadePasta\5 Semestre\Distribuidos\Projeto_Semestral\Definitivo\projeto\seletor\seletor.py:33]
2024-07-02 14:18:27,438 INFO: Seletor startup [in C:\Users\willi\OneDrive\Documentos\FaculdadePasta\5 Semestre\Distribuidos\Projeto_Semestral\Definitivo\projeto\seletor\seletor.py:33]
2024-07-02 18:32:54,703 INFO: Seletor startup [in C:\Users\willi\OneDrive\Documentos\FaculdadePasta\5 Semestre\Distribuidos\Projeto_Semestral\Definitivo\projeto\seletor\seletor.py:38]
2024-07-02 18:32:55,926 INFO: Seletor startup [in C:\Users\willi\OneDrive\Documentos\FaculdadePasta\5 Semestre\Distribuidos\Projeto_Semestral\Definitivo\projeto\seletor\seletor.py:38]
2024-07-02 18:35:06,475 INFO: Seletor startup [in C:\Users\willi\OneDrive\Documentos\FaculdadePasta\5 Semestre\Distribuidos\Projeto_Semestral\Definitivo\projeto\seletor\seletor.py:38]
2024-07-02 18:35:08,529 INFO: Seletor startup [in C:\Users\willi\OneDrive\Documentos\FaculdadePasta\5 Semestre\Distribuidos\Projeto_Semestral\Definitivo\projeto\seletor\seletor.py:38]
2024-07-02 18:36:02,083 INFO: Seletor startup [in C:\Users\willi\OneDrive\Documentos\FaculdadePasta\5 Semestre\Distribuidos\Projeto_Semestral\Definitivo\projeto\seletor\seletor.py:38]
2024-07-02 18:36:04,070 INFO: Seletor startup [in C:\Users\willi\OneDrive\Documentos\FaculdadePasta\5 Semestre\Distribuidos\Projeto_Semestral\Definitivo\projeto\seletor\seletor.py:38]
2024-07-02 18:37:27,405 INFO: Seletor startup [in C:\Users\willi\OneDrive\Documentos\FaculdadePasta\5 Semestre\Distribuidos\Projeto_Semestral\Definitivo\projeto\seletor\seletor.py:38]
2024-07-02 18:37:29,570 INFO: Seletor startup [in C:\Users\willi\OneDrive\Documentos\FaculdadePasta\5 Semestre\Distribuidos\Projeto_Semestral\Definitivo\projeto\seletor\seletor.py:38]
2024-07-02 18:38:18,504 INFO: Seletor startup [in C:\Users\willi\OneDrive\Documentos\FaculdadePasta\5 Semestre\Distribuidos\Projeto_Semestral\Definitivo\projeto\seletor\seletor.py:38]
2024-07-02 18:38:40,859 INFO: Seletor startup [in C:\Users\willi\OneDrive\Documentos\FaculdadePasta\5 Semestre\Distribuidos\Projeto_Semestral\Definitivo\projeto\seletor\seletor.py:38]
2024-07-02 18:40:21,016 INFO: Seletor startup [in C:\Users\willi\OneDrive\Documentos\FaculdadePasta\5 Semestre\Distribuidos\Projeto_Semestral\Definitivo\projeto\seletor\seletor.py:38]
2024-07-02 18:40:23,661 INFO: Seletor startup [in C:\Users\willi\OneDrive\Documentos\FaculdadePasta\5 Semestre\Distribuidos\Projeto_Semestral\Definitivo\projeto\seletor\seletor.py:38]
